2025-09-16 20:53:23,040 -  nornir.core -     INFO -        run() - Running task 'full_workflow' with args {} on 3 hosts
2025-09-16 20:53:23,046 - nornir.core.task -    ERROR -      start() - Host 'PE2': task 'full_workflow' failed with traceback:
Traceback (most recent call last):
  File "/home/user/nornir/venv/lib/python3.12/site-packages/nornir/core/task.py", line 98, in start
    r = self.task(self, **self.params)
        ^^^^^^^^^^^^^^^^^^^^^^^^^^^^^^
  File "/home/user/nornir/./main.py", line 10, in full_workflow
    task.run(task=apply_sros_config)
  File "/home/user/nornir/venv/lib/python3.12/site-packages/nornir/core/task.py", line 173, in run
    raise NornirSubTaskError(task=run_task, result=r)
nornir.core.exceptions.NornirSubTaskError: Subtask: apply_sros_config (failed)


2025-09-16 20:53:23,048 - nornir.core.task -    ERROR -      start() - Host 'PE3': task 'full_workflow' failed with traceback:
Traceback (most recent call last):
  File "/home/user/nornir/venv/lib/python3.12/site-packages/nornir/core/task.py", line 98, in start
    r = self.task(self, **self.params)
        ^^^^^^^^^^^^^^^^^^^^^^^^^^^^^^
  File "/home/user/nornir/./main.py", line 10, in full_workflow
    task.run(task=apply_sros_config)
  File "/home/user/nornir/venv/lib/python3.12/site-packages/nornir/core/task.py", line 173, in run
    raise NornirSubTaskError(task=run_task, result=r)
nornir.core.exceptions.NornirSubTaskError: Subtask: apply_sros_config (failed)


2025-09-16 21:11:10,665 -  nornir.core -     INFO -        run() - Running task 'run_sros_ping' with args {} on 3 hosts
2025-09-16 21:11:44,422 -  nornir.core -     INFO -        run() - Running task 'run_sros_ping' with args {} on 3 hosts
2025-09-16 21:12:25,715 -  nornir.core -     INFO -        run() - Running task 'run_sros_ping' with args {} on 3 hosts
2025-09-16 21:13:55,859 -  nornir.core -     INFO -        run() - Running task 'run_sros_ping' with args {} on 3 hosts
2025-09-16 21:16:00,959 -  nornir.core -     INFO -        run() - Running task 'run_sros_ping' with args {} on 3 hosts
2025-09-16 21:16:36,731 -  nornir.core -     INFO -        run() - Running task 'run_sros_ping' with args {} on 3 hosts
2025-09-16 21:20:56,342 -  nornir.core -     INFO -        run() - Running task 'run_sros_ping' with args {} on 3 hosts
2025-09-16 22:14:03,778 -  nornir.core -     INFO -        run() - Running task 'run_sros_ping' with args {} on 3 hosts
2025-09-16 22:16:09,997 -  nornir.core -     INFO -        run() - Running task 'run_sros_ping' with args {} on 3 hosts
2025-09-16 22:19:15,103 -  nornir.core -     INFO -        run() - Running task 'run_sros_ping' with args {} on 3 hosts
2025-09-16 22:21:38,849 -  nornir.core -     INFO -        run() - Running task 'run_sros_ping' with args {} on 3 hosts
2025-09-16 22:22:18,356 -  nornir.core -     INFO -        run() - Running task 'run_sros_ping' with args {} on 3 hosts
2025-09-16 22:23:00,427 -  nornir.core -     INFO -        run() - Running task 'run_sros_ping' with args {} on 3 hosts
2025-09-16 22:23:41,878 -  nornir.core -     INFO -        run() - Running task 'run_sros_ping' with args {} on 3 hosts
2025-09-16 22:24:33,905 -  nornir.core -     INFO -        run() - Running task 'run_sros_ping' with args {} on 3 hosts
2025-09-16 22:25:14,614 -  nornir.core -     INFO -        run() - Running task 'run_sros_ping' with args {} on 3 hosts
2025-09-16 22:25:40,398 -  nornir.core -     INFO -        run() - Running task 'run_sros_ping' with args {} on 3 hosts
2025-09-16 22:26:06,870 -  nornir.core -     INFO -        run() - Running task 'run_sros_ping' with args {} on 3 hosts
2025-09-16 22:26:42,429 -  nornir.core -     INFO -        run() - Running task 'run_sros_ping' with args {} on 3 hosts
2025-09-16 22:27:16,444 -  nornir.core -     INFO -        run() - Running task 'run_sros_ping' with args {} on 3 hosts
2025-09-16 22:28:00,464 -  nornir.core -     INFO -        run() - Running task 'run_sros_ping' with args {} on 3 hosts
2025-09-16 22:29:50,654 -  nornir.core -     INFO -        run() - Running task 'run_sros_ping' with args {} on 3 hosts
2025-09-16 22:30:32,252 -  nornir.core -     INFO -        run() - Running task 'run_sros_ping' with args {} on 3 hosts
2025-09-16 22:31:05,221 -  nornir.core -     INFO -        run() - Running task 'run_sros_ping' with args {} on 3 hosts
2025-09-16 22:32:22,032 -  nornir.core -     INFO -        run() - Running task 'run_sros_ping' with args {} on 3 hosts
2025-09-16 22:32:53,433 -  nornir.core -     INFO -        run() - Running task 'run_sros_ping' with args {} on 3 hosts
2025-09-16 22:41:47,252 -  nornir.core -     INFO -        run() - Running task 'fetch_config' with args {} on 3 hosts
2025-09-16 22:47:03,301 -  nornir.core -     INFO -        run() - Running task 'run_sros_ping' with args {} on 3 hosts
2025-09-16 22:47:40,835 -  nornir.core -     INFO -        run() - Running task 'run_sros_ping' with args {} on 3 hosts
2025-09-16 22:49:45,610 -  nornir.core -     INFO -        run() - Running task 'apply_sros_config' with args {} on 3 hosts
2025-09-16 22:50:20,393 -  nornir.core -     INFO -        run() - Running task 'apply_sros_config' with args {} on 3 hosts
2025-09-16 22:51:01,494 -  nornir.core -     INFO -        run() - Running task 'apply_sros_config' with args {} on 3 hosts
2025-09-16 22:51:28,626 -  nornir.core -     INFO -        run() - Running task 'apply_sros_config' with args {} on 3 hosts
